<?xml version="1.0" encoding="UTF-8"?>
<!-- Generated by org.testng.reporters.JUnitReportReporter -->
<testsuite hostname="ECO711" failures="0" tests="5" name="com.qa.test.DemoTest" time="12.620" errors="0" timestamp="2020-12-15T16:01:03 IST" skipped="0">
  <testcase classname="com.qa.test.DemoTest" name="Div" time="0.008"/>
  <system-out/>
  <testcase classname="com.qa.test.DemoTest" name="sub" time="0.001"/>
  <system-out/>
  <testcase classname="com.qa.test.DemoTest" name="sum" time="0.001"/>
  <system-out/>
  <testcase classname="com.qa.test.DemoTest" name="mul" time="0.001"/>
  <system-out/>
  <testcase classname="com.qa.test.DemoTest" name="TestD" time="12.609"/>
  <system-out/>
</testsuite> <!-- com.qa.test.DemoTest -->
