<?xml version="1.0" encoding="UTF-8"?>
<!-- Generated by org.testng.reporters.JUnitReportReporter -->
<testsuite hostname="ECO711" failures="0" tests="4" name="com.qa.test.DemoTest" time="0.004" errors="0" timestamp="2020-12-15T13:42:04 IST" skipped="0">
  <testcase classname="com.qa.test.DemoTest" name="Div" time="0.004"/>
  <system-out/>
  <testcase classname="com.qa.test.DemoTest" name="mul" time="0.000"/>
  <system-out/>
  <testcase classname="com.qa.test.DemoTest" name="sum" time="0.000"/>
  <system-out/>
  <testcase classname="com.qa.test.DemoTest" name="sub" time="0.000"/>
  <system-out/>
</testsuite> <!-- com.qa.test.DemoTest -->
